2023-12-11 15:55:01,587 - INFO - Attend conference page accessed.
2023-12-11 15:56:44,144 - INFO - Camera initialised.
2023-12-11 15:56:44,537 - INFO - Unregistered Attendee tried to authenticate.
2023-12-11 16:03:36,481 - INFO - Camera initialised.
2023-12-11 16:03:37,361 - INFO - 50095182 has joined the conference.
2023-12-11 16:04:02,627 - INFO - Attend conference page accessed.
2023-12-11 16:04:14,481 - INFO - Camera initialised.
2023-12-11 16:04:15,155 - INFO - More than 1 person has tried to authenticate.
2023-12-11 16:05:01,842 - INFO - Camera initialised.
2023-12-11 16:05:02,517 - INFO - More than 1 person has tried to authenticate.
2023-12-11 18:53:26,664 - INFO - Attend conference page accessed.
2023-12-11 19:25:28,569 - INFO - Register for Conference page accessed.
2023-12-11 19:25:47,849 - INFO - Camera initialised.
2023-12-11 19:25:47,849 - INFO - First Name Empty
2023-12-11 19:26:02,553 - INFO - Camera initialised.
2023-12-11 19:26:02,647 - INFO - chaitanya with 50094357 has registered.
2023-12-11 19:26:22,065 - INFO - Attend conference page accessed.
2023-12-11 19:26:30,529 - INFO - Camera initialised.
2023-12-11 19:26:30,561 - INFO - No face detected
2023-12-11 19:26:46,034 - INFO - Camera initialised.
2023-12-11 19:26:46,772 - INFO - More than 1 person has tried to authenticate.
2023-12-11 19:26:57,282 - INFO - Camera initialised.
2023-12-11 19:26:58,024 - INFO - 512545 has joined the conference.
2023-12-11 19:27:05,753 - INFO - Access Logs page accessed.
2023-12-11 19:27:11,681 - INFO - Incorrect passcode entered.
2023-12-12 14:38:07,226 - INFO - Register for Conference page accessed.
2023-12-12 14:38:13,753 - INFO - Attend conference page accessed.
2023-12-12 14:38:20,587 - INFO - Admin Logs page accessed.
2023-12-12 14:38:25,513 - INFO - Track Attendance page accessed.
2023-12-12 14:38:33,368 - INFO - Incorrect passcode entered.
2023-12-12 15:03:55,924 - INFO - Track Attendance page accessed.
2023-12-12 15:06:59,059 - INFO - Track Attendance page accessed.
2023-12-12 15:32:21,918 - INFO - Track Attendance page accessed.
2023-12-12 15:32:24,831 - INFO - Attend conference page accessed.
2023-12-12 15:32:30,284 - INFO - Camera initialised.
2023-12-12 15:32:33,179 - INFO - Camera initialised.
2023-12-12 15:32:36,800 - INFO - Camera initialised.
2023-12-12 15:36:11,123 - INFO - Attend conference page accessed.
2023-12-12 15:36:13,424 - INFO - Camera initialised.
2023-12-12 15:36:14,397 - INFO - 50094357 has joined the conference.
2023-12-12 15:47:06,307 - INFO - Attend conference page accessed.
2023-12-12 15:47:09,032 - INFO - Camera initialised.
2023-12-12 15:47:09,944 - INFO - 50094357 has joined the conference.
2023-12-12 15:47:25,995 - INFO - Attend conference page accessed.
2023-12-12 15:47:30,478 - INFO - Camera initialised.
2023-12-12 15:47:31,385 - INFO - More than 1 person has tried to authenticate.
2023-12-12 15:47:37,318 - INFO - Track Attendance page accessed.
2023-12-12 15:50:06,085 - INFO - Admin Logs page accessed.
2023-12-12 15:53:19,978 - INFO - Track Attendance page accessed.
2023-12-12 15:53:37,075 - INFO - Email sent to chinnaritata@gmail.com
2023-12-12 15:55:57,078 - INFO - Track Attendance page accessed.
2023-12-12 15:56:59,648 - INFO - Track Attendance page accessed.
2023-12-12 15:59:00,883 - INFO - Track Attendance page accessed.
2023-12-12 16:01:20,910 - INFO - Track Attendance page accessed.
2023-12-12 16:06:55,449 - INFO - Track Attendance page accessed.
2023-12-12 16:09:02,343 - INFO - Track Attendance page accessed.
2023-12-12 16:11:53,355 - INFO - Track Attendance page accessed.
2023-12-12 16:12:12,911 - INFO - Email sent to bhargavj2000@gmail.com
2023-12-13 12:04:34,226 - INFO - Track Attendance page accessed.
2023-12-13 12:05:45,100 - INFO - Incorrect passcode entered.
2023-12-13 12:08:56,163 - INFO - Email sent to chinnaritata@gmail.com
2023-12-13 14:24:42,937 - INFO - Track Attendance page accessed.
2023-12-13 19:32:24,559 - INFO - Track Attendance page accessed.
2023-12-13 19:32:41,723 - INFO - Email sent to chinnaritata@gmail.co
2023-12-14 04:28:11,482 - INFO - Track Attendance page accessed.
2023-12-14 04:28:27,825 - INFO - Track Attendance page accessed.
2023-12-14 04:29:07,139 - INFO - Email sent to bhargavj2000@gmail.com
2023-12-15 16:12:09,504 - INFO - Track Attendance page accessed.
2023-12-15 16:15:20,240 - INFO - Email sent to tchaitanya.701@gmail.com
2024-09-23 00:02:08,209 - INFO - Attend conference page accessed.
2024-09-23 00:02:19,131 - INFO - Camera initialised.
2024-09-23 00:02:20,007 - INFO - 50094357 has joined the conference.
2024-09-23 00:02:27,043 - INFO - Register for Conference page accessed.
